This is pdfTeX, Version 3.1415926-2.3-1.40.12 (MiKTeX 2.9) (preloaded format=pdflatex 2018.6.23)  1 AUG 2018 16:54
entering extended mode
**ECG*Classification*with*multi-scale*features*based*on*unfixed-length*Heartbea
t-segmentation.tex

("C:\Users\chen\Desktop\小论文_latex_7.31\ACML2018_template\ECG Classificati
on with multi-scale features based on unfixed-length Heartbeat-segmentation.tex
"
LaTeX2e <2011/06/27>
Babel <v3.8m> and hyphenation patterns for loaded.
(C:\Users\chen\Desktop\小论文_latex_7.31\ACML2018_template\jmlr.cls
Document Class: jmlr 2012/02/25 v1.13 (NLCT) Journal of Machine Learning Resear
ch
(C:\CTEX\MiKTeX\tex\latex\xkeyval\xkeyval.sty
Package: xkeyval 2008/08/13 v2.6a package option processing (HA)

(C:\CTEX\MiKTeX\tex\generic\xkeyval\xkeyval.tex
\XKV@toks=\toks14
\XKV@tempa@toks=\toks15
\XKV@depth=\count79
File: xkeyval.tex 2008/08/13 v2.6a key=value parser (HA)

(C:\CTEX\MiKTeX\tex\generic\xkeyval\keyval.tex)))
(C:\CTEX\MiKTeX\tex\latex\base\article.cls
Document Class: article 2007/10/19 v1.4h Standard LaTeX document class
(C:\CTEX\MiKTeX\tex\latex\base\size11.clo
File: size11.clo 2007/10/19 v1.4h Standard LaTeX file (size option)
)
\c@part=\count80
\c@section=\count81
\c@subsection=\count82
\c@subsubsection=\count83
\c@paragraph=\count84
\c@subparagraph=\count85
\c@figure=\count86
\c@table=\count87
\abovecaptionskip=\skip41
\belowcaptionskip=\skip42
\bibindent=\dimen102
)
(C:\CTEX\MiKTeX\tex\latex\ams\math\amsmath.sty
Package: amsmath 2000/07/18 v2.13 AMS math features
\@mathmargin=\skip43

For additional information on amsmath, use the `?' option.
(C:\CTEX\MiKTeX\tex\latex\ams\math\amstext.sty
Package: amstext 2000/06/29 v2.01

(C:\CTEX\MiKTeX\tex\latex\ams\math\amsgen.sty
File: amsgen.sty 1999/11/30 v2.0
\@emptytoks=\toks16
\ex@=\dimen103
))
(C:\CTEX\MiKTeX\tex\latex\ams\math\amsbsy.sty
Package: amsbsy 1999/11/29 v1.2d
\pmbraise@=\dimen104
)
(C:\CTEX\MiKTeX\tex\latex\ams\math\amsopn.sty
Package: amsopn 1999/12/14 v2.01 operator names
)
\inf@bad=\count88
LaTeX Info: Redefining \frac on input line 211.
\uproot@=\count89
\leftroot@=\count90
LaTeX Info: Redefining \overline on input line 307.
\classnum@=\count91
\DOTSCASE@=\count92
LaTeX Info: Redefining \ldots on input line 379.
LaTeX Info: Redefining \dots on input line 382.
LaTeX Info: Redefining \cdots on input line 467.
\Mathstrutbox@=\box26
\strutbox@=\box27
\big@size=\dimen105
LaTeX Font Info:    Redeclaring font encoding OML on input line 567.
LaTeX Font Info:    Redeclaring font encoding OMS on input line 568.
\macc@depth=\count93
\c@MaxMatrixCols=\count94
\dotsspace@=\muskip10
\c@parentequation=\count95
\dspbrk@lvl=\count96
\tag@help=\toks17
\row@=\count97
\column@=\count98
\maxfields@=\count99
\andhelp@=\toks18
\eqnshift@=\dimen106
\alignsep@=\dimen107
\tagshift@=\dimen108
\tagwidth@=\dimen109
\totwidth@=\dimen110
\lineht@=\dimen111
\@envbody=\toks19
\multlinegap=\skip44
\multlinetaggap=\skip45
\mathdisplay@stack=\toks20
LaTeX Info: Redefining \[ on input line 2666.
LaTeX Info: Redefining \] on input line 2667.
)
(C:\CTEX\MiKTeX\tex\latex\amsfonts\amssymb.sty
Package: amssymb 2009/06/22 v3.00

(C:\CTEX\MiKTeX\tex\latex\amsfonts\amsfonts.sty
Package: amsfonts 2009/06/22 v3.00 Basic AMSFonts support
\symAMSa=\mathgroup4
\symAMSb=\mathgroup5
LaTeX Font Info:    Overwriting math alphabet `\mathfrak' in version `bold'
(Font)                  U/euf/m/n --> U/euf/b/n on input line 96.
))
(C:\CTEX\MiKTeX\tex\latex\natbib\natbib.sty
Package: natbib 2010/09/13 8.31b (PWD, AO)
\bibhang=\skip46
\bibsep=\skip47
LaTeX Info: Redefining \cite on input line 694.
\c@NAT@ctr=\count100
)
(C:\CTEX\MiKTeX\tex\latex\graphics\graphicx.sty
Package: graphicx 1999/02/16 v1.0f Enhanced LaTeX Graphics (DPC,SPQR)

(C:\CTEX\MiKTeX\tex\latex\graphics\graphics.sty
Package: graphics 2009/02/05 v1.0o Standard LaTeX Graphics (DPC,SPQR)

(C:\CTEX\MiKTeX\tex\latex\graphics\trig.sty
Package: trig 1999/03/16 v1.09 sin cos tan (DPC)
)
(C:\CTEX\MiKTeX\tex\latex\00miktex\graphics.cfg
File: graphics.cfg 2007/01/18 v1.5 graphics configuration of teTeX/TeXLive
)
Package graphics Info: Driver file: pdftex.def on input line 91.

(C:\CTEX\MiKTeX\tex\latex\pdftex-def\pdftex.def
File: pdftex.def 2011/05/27 v0.06d Graphics/color for pdfTeX

(C:\CTEX\MiKTeX\tex\generic\oberdiek\infwarerr.sty
Package: infwarerr 2010/04/08 v1.3 Providing info/warning/message (HO)
)
(C:\CTEX\MiKTeX\tex\generic\oberdiek\ltxcmds.sty
Package: ltxcmds 2011/04/18 v1.20 LaTeX kernel commands for general use (HO)
)
\Gread@gobject=\count101
))
\Gin@req@height=\dimen112
\Gin@req@width=\dimen113
)
(C:\CTEX\MiKTeX\tex\latex\ltxmisc\url.sty
\Urlmuskip=\muskip11
Package: url 2006/04/12  ver 3.3  Verb mode for urls, etc.
)
(C:\CTEX\MiKTeX\tex\latex\xcolor\xcolor.sty
Package: xcolor 2007/01/21 v2.11 LaTeX color extensions (UK)

(C:\CTEX\MiKTeX\tex\latex\00miktex\color.cfg
File: color.cfg 2007/01/18 v1.5 color configuration of teTeX/TeXLive
)
Package xcolor Info: Driver file: pdftex.def on input line 225.
Package xcolor Info: Model `cmy' substituted by `cmy0' on input line 1337.
Package xcolor Info: Model `hsb' substituted by `rgb' on input line 1341.
Package xcolor Info: Model `RGB' extended on input line 1353.
Package xcolor Info: Model `HTML' substituted by `rgb' on input line 1355.
Package xcolor Info: Model `Hsb' substituted by `hsb' on input line 1356.
Package xcolor Info: Model `tHsb' substituted by `hsb' on input line 1357.
Package xcolor Info: Model `HSB' substituted by `hsb' on input line 1358.
Package xcolor Info: Model `Gray' substituted by `gray' on input line 1359.
Package xcolor Info: Model `wave' substituted by `hsb' on input line 1360.

(C:\CTEX\MiKTeX\tex\latex\xcolor\x11nam.def
File: x11nam.def 2007/01/21 v2.11 Predefined colors according to Unix/X11 (UK)
))
(C:\CTEX\MiKTeX\tex\latex\algorithm2e\algorithm2e.sty
Package: algorithm2e 2008/00/00 v3.10 algorithms environments
\c@AlgoLine=\count102

(C:\CTEX\MiKTeX\tex\latex\base\ifthen.sty
Package: ifthen 2001/05/26 v1.1c Standard LaTeX ifthen package (DPC)
)
(C:\CTEX\MiKTeX\tex\latex\tools\xspace.sty
Package: xspace 2009/10/20 v1.13 Space after command names (DPC,MH)
)
(C:\CTEX\MiKTeX\tex\latex\ltxmisc\relsize.sty
Package: relsize 2003/07/04 ver 3.1
)
********************************************************
Package `algorithm2e' Release 4.01 -- december 14 2009 --
- algorithm2e-announce@lirmm.fr mailing list for announcement about releases
- algorithm2e-discussion@lirmm.fr mailing list for discussion about package
subscribe by emailing sympa@lirmm.fr with 'subscribe <list> <firstname name>'
- Author: Christophe Fiorio (fiorio@lirmm.fr)
********************************************************
\skiptotal=\skip48
\skiplinenumber=\skip49
\skiprule=\skip50
\skiphlne=\skip51
\skiptext=\skip52
\skiplength=\skip53
\algomargin=\skip54
\skipalgocfslide=\skip55
\algowidth=\dimen114
\inoutsize=\dimen115
\inoutline=\dimen116
\interspacetitleruled=\dimen117
\interspacealgoruled=\dimen118
\interspacetitleboxruled=\dimen119
\algocf@inoutbox=\box28
\algocf@inputbox=\box29
\AlCapSkip=\skip56
\AlCapHSkip=\skip57
\algocf@nlbox=\box30
\algocf@hangingbox=\box31
\algocf@capbox=\box32
\algoheightruledefault=\skip58
\algoheightrule=\skip59
\algotitleheightruledefault=\skip60
\algotitleheightrule=\skip61
\c@algocfline=\count103
\c@algocfproc=\count104
\c@algocf=\count105
\algocf@algoframe=\box33
\algocf@algobox=\box34
) (C:\CTEX\MiKTeX\tex\latex\hyperref\hyperref.sty
Package: hyperref 2012/02/06 v6.82o Hypertext links for LaTeX

(C:\CTEX\MiKTeX\tex\generic\oberdiek\hobsub-hyperref.sty
Package: hobsub-hyperref 2011/04/23 v1.4 Bundle oberdiek, subset hyperref (HO)

(C:\CTEX\MiKTeX\tex\generic\oberdiek\hobsub-generic.sty
Package: hobsub-generic 2011/04/23 v1.4 Bundle oberdiek, subset generic (HO)
Package: hobsub 2011/04/23 v1.4 Subsetting bundle oberdiek (HO)
Package hobsub Info: Skipping package `infwarerr' (already loaded).
Package hobsub Info: Skipping package `ltxcmds' (already loaded).
Package: ifluatex 2010/03/01 v1.3 Provides the ifluatex switch (HO)
Package ifluatex Info: LuaTeX not detected.
Package: ifvtex 2010/03/01 v1.5 Switches for detecting VTeX and its modes (HO)
Package ifvtex Info: VTeX not detected.
Package: intcalc 2007/09/27 v1.1 Expandable integer calculations (HO)
Package: ifpdf 2011/01/30 v2.3 Provides the ifpdf switch (HO)
Package ifpdf Info: pdfTeX in PDF mode is detected.
Package: etexcmds 2011/02/16 v1.5 Prefix for e-TeX command names (HO)
Package etexcmds Info: Could not find \expanded.
(etexcmds)             That can mean that you are not using pdfTeX 1.50 or
(etexcmds)             that some package has redefined \expanded.
(etexcmds)             In the latter case, load this package earlier.
Package: kvsetkeys 2011/04/07 v1.13 Key value parser (HO)
Package: kvdefinekeys 2011/04/07 v1.3 Defining keys (HO)
Package: pdftexcmds 2011/04/22 v0.16 Utilities of pdfTeX for LuaTeX (HO)
Package pdftexcmds Info: LuaTeX not detected.
Package pdftexcmds Info: \pdf@primitive is available.
Package pdftexcmds Info: \pdf@ifprimitive is available.
Package pdftexcmds Info: \pdfdraftmode found.
Package: pdfescape 2011/04/04 v1.12 Provides string conversions (HO)
Package: bigintcalc 2011/01/30 v1.2 Expandable big integer calculations (HO)
Package: bitset 2011/01/30 v1.1 Data type bit set (HO)
Package: uniquecounter 2011/01/30 v1.2 Provides unlimited unique counter (HO)
)
Package hobsub Info: Skipping package `hobsub' (already loaded).
Package: letltxmacro 2010/09/02 v1.4 Let assignment for LaTeX macros (HO)
Package: hopatch 2011/01/30 v1.0 Wrapper for package hooks (HO)
Package: xcolor-patch 2011/01/30 xcolor patch
Package: atveryend 2011/04/23 v1.7 Hooks at very end of document (HO)
Package: atbegshi 2011/01/30 v1.15 At begin shipout hook (HO)
Package: refcount 2010/12/01 v3.2 Data extraction from references (HO)
Package: hycolor 2011/01/30 v1.7 Color options of hyperref/bookmark (HO)
)
(C:\CTEX\MiKTeX\tex\generic\ifxetex\ifxetex.sty
Package: ifxetex 2010/09/12 v0.6 Provides ifxetex conditional
)
(C:\CTEX\MiKTeX\tex\latex\oberdiek\kvoptions.sty
Package: kvoptions 2010/12/23 v3.10 Keyval support for LaTeX options (HO)
)
\@linkdim=\dimen120
\Hy@linkcounter=\count106
\Hy@pagecounter=\count107

(C:\CTEX\MiKTeX\tex\latex\hyperref\pd1enc.def
File: pd1enc.def 2012/02/06 v6.82o Hyperref: PDFDocEncoding definition (HO)
)
\Hy@SavedSpaceFactor=\count108

(C:\CTEX\MiKTeX\tex\latex\00miktex\hyperref.cfg
File: hyperref.cfg 2002/06/06 v1.2 hyperref configuration of TeXLive
)
Package hyperref Info: Hyper figures OFF on input line 4046.
Package hyperref Info: Link nesting OFF on input line 4051.
Package hyperref Info: Hyper index ON on input line 4054.
Package hyperref Info: Plain pages OFF on input line 4061.
Package hyperref Info: Backreferencing OFF on input line 4066.
Package hyperref Info: Implicit mode ON; LaTeX internals redefined.
Package hyperref Info: Bookmarks ON on input line 4284.
\c@Hy@tempcnt=\count109
LaTeX Info: Redefining \url on input line 4637.
\Fld@menulength=\count110
\Field@Width=\dimen121
\Fld@charsize=\dimen122
Package hyperref Info: Hyper figures OFF on input line 5757.
Package hyperref Info: Link nesting OFF on input line 5762.
Package hyperref Info: Hyper index ON on input line 5765.
Package hyperref Info: backreferencing OFF on input line 5772.
Package hyperref Info: Link coloring OFF on input line 5777.
Package hyperref Info: Link coloring with OCG OFF on input line 5782.
Package hyperref Info: PDF/A mode OFF on input line 5787.
LaTeX Info: Redefining \ref on input line 5827.
LaTeX Info: Redefining \pageref on input line 5831.
\Hy@abspage=\count111
\c@Item=\count112
\c@Hfootnote=\count113
)

Package hyperref Message: Driver (autodetected): hpdftex.

(C:\CTEX\MiKTeX\tex\latex\hyperref\hpdftex.def
File: hpdftex.def 2012/02/06 v6.82o Hyperref driver for pdfTeX
\Fld@listcount=\count114
\c@bookmark@seq@number=\count115

(C:\CTEX\MiKTeX\tex\latex\oberdiek\rerunfilecheck.sty
Package: rerunfilecheck 2011/04/15 v1.7 Rerun checks for auxiliary files (HO)
Package uniquecounter Info: New unique counter `rerunfilecheck' on input line 2
82.
)
\Hy@SectionHShift=\skip62
)
(C:\CTEX\MiKTeX\tex\latex\hyperref\nameref.sty
Package: nameref 2010/04/30 v2.40 Cross-referencing by name of section

(C:\CTEX\MiKTeX\tex\generic\oberdiek\gettitlestring.sty
Package: gettitlestring 2010/12/03 v1.4 Cleanup title references (HO)
)
\c@section@level=\count116
)
Package hyperref Info: Option `colorlinks' set `true' on input line 137.
Package hyperref Info: Option `linktocpage' set `true' on input line 137.
Package hyperref Info: Option `plainpages' set `false' on input line 137.
\aftertitskip=\skip63
\beforetitskip=\skip64
\interauthorskip=\skip65
\aftermaketitskip=\skip66
\jmlrlength=\skip67
\jmlrbox=\box35
\c@example=\count117
\c@theorem=\count118
\c@subfigure=\count119
\@subfloatcapbox=\box36
\@subfloatcontsbox=\box37
\c@subtable=\count120
\c@chapter=\count121
\postchapterskip=\skip68
\prechapterskip=\skip69
)
(C:\CTEX\MiKTeX\tex\latex\tools\longtable.sty
Package: longtable 2004/02/01 v4.11 Multi-page Table package (DPC)
\LTleft=\skip70
\LTright=\skip71
\LTpre=\skip72
\LTpost=\skip73
\LTchunksize=\count122
\LTcapwidth=\dimen123
\LT@head=\box38
\LT@firsthead=\box39
\LT@foot=\box40
\LT@lastfoot=\box41
\LT@cols=\count123
\LT@rows=\count124
\c@LT@tables=\count125
\c@LT@chunks=\count126
\LT@p@ftn=\toks21
)
(C:\CTEX\MiKTeX\tex\latex\subeqnarray\subeqnarray.sty
Package: subeqnarray 2004/04/15 v2.1c subeqnarray package
\c@subequation=\count127
)
(C:\CTEX\MiKTeX\tex\latex\cases\cases.sty
Package: cases 2002/05/02 ver 2.5 
)
(C:\CTEX\MiKTeX\tex\latex\booktabs\booktabs.sty
Package: booktabs 2005/04/14 v1.61803 publication quality tables
\heavyrulewidth=\dimen124
\lightrulewidth=\dimen125
\cmidrulewidth=\dimen126
\belowrulesep=\dimen127
\belowbottomsep=\dimen128
\aboverulesep=\dimen129
\abovetopsep=\dimen130
\cmidrulesep=\dimen131
\cmidrulekern=\dimen132
\defaultaddspace=\dimen133
\@cmidla=\count128
\@cmidlb=\count129
\@aboverulesep=\dimen134
\@belowrulesep=\dimen135
\@thisruleclass=\count130
\@lastruleclass=\count131
\@thisrulewidth=\dimen136
)
(C:\CTEX\MiKTeX\tex\latex\oberdiek\epstopdf.sty
Package: epstopdf 2010/02/09 v2.5 Conversion with epstopdf on the fly (HO)

(C:\CTEX\MiKTeX\tex\latex\oberdiek\epstopdf-base.sty
Package: epstopdf-base 2010/02/09 v2.5 Base part for package epstopdf

(C:\CTEX\MiKTeX\tex\latex\oberdiek\grfext.sty
Package: grfext 2010/08/19 v1.1 Managing graphics extensions (HO)
)
Package grfext Info: Graphics extension search list:
(grfext)             [.png,.pdf,.jpg,.mps,.jpeg,.jbig2,.jb2,.PNG,.PDF,.JPG,.JPE
G,.JBIG2,.JB2,.eps]
(grfext)             \AppendGraphicsExtensions on input line 451.
))
(C:\CTEX\MiKTeX\tex\latex\algorithms\algorithm.sty
Package: algorithm 2009/08/24 v0.1 Document Style `algorithm' - floating enviro
nment

(C:\CTEX\MiKTeX\tex\latex\float\float.sty
Package: float 2001/11/08 v1.3d Float enhancements (AL)
\c@float@type=\count132
\float@exts=\toks22
\float@box=\box42
\@float@everytoks=\toks23
\@floatcapt=\box43
)
\@float@every@algorithm=\toks24
\c@algorithm=\count133
)
(C:\CTEX\MiKTeX\tex\latex\algorithms\algorithmic.sty
Package: algorithmic 2009/08/24 v0.1 Document Style `algorithmic'
\c@ALC@unique=\count134
\c@ALC@line=\count135
\c@ALC@rem=\count136
\c@ALC@depth=\count137
\ALC@tlm=\skip74
\algorithmicindent=\skip75
)
(C:\CTEX\MiKTeX\tex\latex\tools\verbatim.sty
Package: verbatim 2003/08/22 v1.5q LaTeX2e package for verbatim enhancements
\every@verbatim=\toks25
\verbatim@line=\toks26
\verbatim@in@stream=\read1
)
(C:\CTEX\MiKTeX\tex\latex\makecell\makecell.sty
Package: makecell 2009/08/03 V0.1e Managing of Tab Column Heads and Cells

(C:\CTEX\MiKTeX\tex\latex\tools\array.sty
Package: array 2008/09/09 v2.4c Tabular extension package (FMi)
\col@sep=\dimen137
\extrarowheight=\dimen138
\NC@list=\toks27
\extratabsurround=\skip76
\backup@length=\skip77
)
\rotheadsize=\dimen139
\c@nlinenum=\count138
\TeXr@lab=\toks28
)
(C:\CTEX\MiKTeX\tex\latex\diagbox\diagbox.sty
Package: diagbox 2011/11/23 v2.0 Making table heads with diagonal lines

(C:\CTEX\MiKTeX\tex\latex\pict2e\pict2e.sty
Package: pict2e 2011/04/05 v0.2y Improved picture commands (HjG,RN,JT)

(C:\CTEX\MiKTeX\tex\latex\00miktex\pict2e.cfg
File: pict2e.cfg 2005/12/29 v1.0 MiKTeX 'pict2e' configuration
)
Package pict2e Info: Driver file: pdftex.def on input line 119.
Package pict2e Info: Driver file for pict2e: p2e-pdftex.def on input line 121.

(C:\CTEX\MiKTeX\tex\latex\pict2e\p2e-pdftex.def
File: p2e-pdftex.def 2011/04/05 v0.1t Driver-dependant file (RN,HjG,JT)
)
\pIIe@GRAPH=\toks29
\@arclen=\dimen140
\@arcrad=\dimen141
\@tempdimd=\dimen142
)
(C:\CTEX\MiKTeX\tex\latex\fp\fp.sty
Package: fp 1995/04/02

`Fixed Point Package', Version 0.8, April 2, 1995 (C) Michael Mehlich
(C:\CTEX\MiKTeX\tex\latex\fp\defpattern.sty
Package: defpattern 1994/10/12
\actioncount=\count139
)
(C:\CTEX\MiKTeX\tex\latex\fp\fp-basic.sty
Package: fp-basic 1996/05/13
\FP@xs=\count140
\FP@xia=\count141
\FP@xib=\count142
\FP@xfa=\count143
\FP@xfb=\count144
\FP@rega=\count145
\FP@regb=\count146
\FP@regs=\count147
\FP@times=\count148
)
(C:\CTEX\MiKTeX\tex\latex\fp\fp-addons.sty
Package: fp-addons 1995/03/15
)
(C:\CTEX\MiKTeX\tex\latex\fp\fp-snap.sty
Package: fp-snap 1995/04/05
)
(C:\CTEX\MiKTeX\tex\latex\fp\fp-exp.sty
Package: fp-exp 1995/04/03
)
(C:\CTEX\MiKTeX\tex\latex\fp\fp-trigo.sty
Package: fp-trigo 1995/04/14
)
(C:\CTEX\MiKTeX\tex\latex\fp\fp-pas.sty
Package: fp-pas 1994/08/29
)
(C:\CTEX\MiKTeX\tex\latex\fp\fp-random.sty
Package: fp-random 1995/02/23
\FPseed=\count149
)
(C:\CTEX\MiKTeX\tex\latex\fp\fp-eqn.sty
Package: fp-eqn 1995/04/03
)
(C:\CTEX\MiKTeX\tex\latex\fp\fp-upn.sty
Package: fp-upn 1996/10/21
)
(C:\CTEX\MiKTeX\tex\latex\fp\fp-eval.sty
Package: fp-eval 1995/04/03
))
\diagbox@boxa=\box44
\diagbox@boxb=\box45
\diagbox@boxm=\box46
\diagbox@wd=\dimen143
\diagbox@ht=\dimen144
\diagbox@sepl=\dimen145
\diagbox@sepr=\dimen146
)
(C:\CTEX\MiKTeX\tex\latex\caption\caption.sty
Package: caption 2011/11/10 v3.2e Customizing captions (AR)

(C:\CTEX\MiKTeX\tex\latex\caption\caption3.sty
Package: caption3 2011/11/01 v1.4a caption3 kernel (AR)
\captionmargin=\dimen147
\captionmargin@=\dimen148
\captionwidth=\dimen149
\caption@indent=\dimen150
\caption@parindent=\dimen151
\caption@hangindent=\dimen152
Package caption Info: Unknown document class (or package),
(caption)             standard defaults will be used.
)

Package caption Warning: Unsupported document class (or package) detected,
(caption)                usage of the caption package is not recommended.
See the caption package documentation for explanation.

Package caption Info: \@makecaption = \long macro:#1#2->\vskip 10pt \setbox \@t
empboxa \hbox {#1: #2}\ifdim \wd \@tempboxa >\hsize \begin {list}{#1:}{\settowi
dth {\labelwidth }{#1:} \setlength {\leftmargin }{\labelwidth } \addtolength {\
leftmargin }{\labelsep } }\item #2 \end {list}\par \else \hbox to\hsize {\hfil 
\box \@tempboxa \hfil } \fi .
\c@ContinuedFloat=\count150
Package caption Info: float package is loaded.
Package caption Info: hyperref package is loaded.
Package caption Info: longtable package is loaded.
(C:\CTEX\MiKTeX\tex\latex\caption\ltcaption.sty
Package: ltcaption 2011/09/12 v1.3 longtable captions (AR)
))
(C:\CTEX\MiKTeX\tex\latex\tools\indentfirst.sty
Package: indentfirst 1995/11/23 v1.03 Indent first paragraph (DPC)
)
("C:\Users\chen\Desktop\小论文_latex_7.31\ACML2018_template\ECG Classificati
on with multi-scale features based on unfixed-length Heartbeat-segmentation.aux
")
LaTeX Font Info:    Checking defaults for OML/cmm/m/it on input line 59.
LaTeX Font Info:    ... okay on input line 59.
LaTeX Font Info:    Checking defaults for T1/cmr/m/n on input line 59.
LaTeX Font Info:    ... okay on input line 59.
LaTeX Font Info:    Checking defaults for OT1/cmr/m/n on input line 59.
LaTeX Font Info:    ... okay on input line 59.
LaTeX Font Info:    Checking defaults for OMS/cmsy/m/n on input line 59.
LaTeX Font Info:    ... okay on input line 59.
LaTeX Font Info:    Checking defaults for OMX/cmex/m/n on input line 59.
LaTeX Font Info:    ... okay on input line 59.
LaTeX Font Info:    Checking defaults for U/cmr/m/n on input line 59.
LaTeX Font Info:    ... okay on input line 59.
LaTeX Font Info:    Checking defaults for PD1/pdf/m/n on input line 59.
LaTeX Font Info:    ... okay on input line 59.
 (C:\CTEX\MiKTeX\tex\context\base\supp-pdf.mkii
[Loading MPS to PDF converter (version 2006.09.02).]
\scratchcounter=\count151
\scratchdimen=\dimen153
\scratchbox=\box47
\nofMPsegments=\count152
\nofMParguments=\count153
\everyMPshowfont=\toks30
\MPscratchCnt=\count154
\MPscratchDim=\dimen154
\MPnumerator=\count155
\makeMPintoPDFobject=\count156
\everyMPtoPDFconversion=\toks31
)
\AtBeginShipoutBox=\box48
Package hyperref Info: Link coloring ON on input line 59.
LaTeX Info: Redefining \ref on input line 59.
LaTeX Info: Redefining \pageref on input line 59.
LaTeX Info: Redefining \nameref on input line 59.

("C:\Users\chen\Desktop\小论文_latex_7.31\ACML2018_template\ECG Classificati
on with multi-scale features based on unfixed-length Heartbeat-segmentation.out
")
("C:\Users\chen\Desktop\小论文_latex_7.31\ACML2018_template\ECG Classificati
on with multi-scale features based on unfixed-length Heartbeat-segmentation.out
")
\@outlinefile=\write3
Package caption Info: Begin \AtBeginDocument code.
Package caption Info: End \AtBeginDocument code.
LaTeX Font Info:    Try loading font information for OMS+cmr on input line 61.
 (C:\CTEX\MiKTeX\tex\latex\base\omscmr.fd
File: omscmr.fd 1999/05/25 v2.5h Standard LaTeX font definitions
)
LaTeX Font Info:    Font shape `OMS/cmr/m/n' in size <8> not available
(Font)              Font shape `OMS/cmsy/m/n' tried instead on input line 61.
 [1{C:/CTEX/UserData/pdftex/config/pdftex.map{Unicode.sfd}{UGBK.sfd}}

] [2]
Package epstopdf Info: Source file: <frequency.eps>
(epstopdf)                    date: 2018-07-27 00:28:20
(epstopdf)                    size: 50960 bytes
(epstopdf)             Output file: <frequency-eps-converted-to.pdf>
(epstopdf)                    date: 2018-07-27 08:31:08
(epstopdf)                    size: 16150 bytes
(epstopdf)             Command: <epstopdf --outfile=frequency-eps-converted-to.
pdf frequency.eps>
(epstopdf)             \includegraphics on input line 114.
Package epstopdf Info: Output file is already uptodate.

<frequency-eps-converted-to.pdf, id=182, 722.7pt x 650.43pt>
File: frequency-eps-converted-to.pdf Graphic file (type pdf)

<use frequency-eps-converted-to.pdf>
Package pdftex.def Info: frequency-eps-converted-to.pdf used on input line 114.

(pdftex.def)             Requested size: 361.3491pt x 325.2142pt.

Overfull \hbox (53.54556pt too wide) has occurred while \output is active
 \OT1/cmr/m/sc/10 ECG Classification with multi-scale features based on unfixed
-length Heartbeat-segmentation  
 []

[3]
LaTeX Font Info:    Try loading font information for U+msa on input line 125.
 (C:\CTEX\MiKTeX\tex\latex\amsfonts\umsa.fd
File: umsa.fd 2009/06/22 v3.00 AMS symbols A
)
LaTeX Font Info:    Try loading font information for U+msb on input line 125.

(C:\CTEX\MiKTeX\tex\latex\amsfonts\umsb.fd
File: umsb.fd 2009/06/22 v3.00 AMS symbols B
) [4 <C:/Users/chen/Desktop/小论文_latex_7.31/ACML2018_template/frequency-ep
s-converted-to.pdf>]
Package epstopdf Info: Source file: <beat.eps>
(epstopdf)                    date: 2018-06-23 10:17:44
(epstopdf)                    size: 38201 bytes
(epstopdf)             Output file: <beat-eps-converted-to.pdf>
(epstopdf)                    date: 2018-07-11 17:35:16
(epstopdf)                    size: 17286 bytes
(epstopdf)             Command: <epstopdf --outfile=beat-eps-converted-to.pdf b
eat.eps>
(epstopdf)             \includegraphics on input line 139.
Package epstopdf Info: Output file is already uptodate.

<beat-eps-converted-to.pdf, id=225, 578.16pt x 289.08pt>
File: beat-eps-converted-to.pdf Graphic file (type pdf)

<use beat-eps-converted-to.pdf>
Package pdftex.def Info: beat-eps-converted-to.pdf used on input line 139.
(pdftex.def)             Requested size: 404.70924pt x 202.35461pt.

Overfull \hbox (53.54556pt too wide) has occurred while \output is active
 \OT1/cmr/m/sc/10 ECG Classification with multi-scale features based on unfixed
-length Heartbeat-segmentation  
 []

[5 <C:/Users/chen/Desktop/小论文_latex_7.31/ACML2018_template/beat-eps-conve
rted-to.pdf>]
Underfull \hbox (badness 10000) in paragraph at lines 150--151

 []

[6]
Underfull \hbox (badness 10000) in paragraph at lines 173--177

 []

Package hyperref Info: bookmark level for unknown algorithm defaults to 0 on in
put line 186.

Underfull \hbox (badness 10000) in paragraph at lines 212--222

 []


Underfull \hbox (badness 10000) in paragraph at lines 212--222

 []


Overfull \hbox (2.43333pt too wide) in paragraph at lines 181--225
$[]$ $[]$ 
 []


Overfull \hbox (53.54556pt too wide) has occurred while \output is active
 \OT1/cmr/m/sc/10 ECG Classification with multi-scale features based on unfixed
-length Heartbeat-segmentation  
 []

[7] [8]
Package epstopdf Info: Source file: <gamma.eps>
(epstopdf)                    date: 2018-07-24 08:34:44
(epstopdf)                    size: 13637 bytes
(epstopdf)             Output file: <gamma-eps-converted-to.pdf>
(epstopdf)                    date: 2018-07-24 17:11:30
(epstopdf)                    size: 7392 bytes
(epstopdf)             Command: <epstopdf --outfile=gamma-eps-converted-to.pdf 
gamma.eps>
(epstopdf)             \includegraphics on input line 261.
Package epstopdf Info: Output file is already uptodate.
 <gamma-eps-converted-to.pdf, id=311, 578.16pt x 433.62pt>
File: gamma-eps-converted-to.pdf Graphic file (type pdf)

<use gamma-eps-converted-to.pdf>
Package pdftex.def Info: gamma-eps-converted-to.pdf used on input line 261.
(pdftex.def)             Requested size: 578.15858pt x 433.61894pt.
Package epstopdf Info: Source file: <distribution_line.eps>
(epstopdf)                    date: 2018-07-24 08:37:22
(epstopdf)                    size: 24142 bytes
(epstopdf)             Output file: <distribution_line-eps-converted-to.pdf>
(epstopdf)                    date: 2018-07-24 17:11:30
(epstopdf)                    size: 13873 bytes
(epstopdf)             Command: <epstopdf --outfile=distribution_line-eps-conve
rted-to.pdf distribution_line.eps>
(epstopdf)             \includegraphics on input line 268.
Package epstopdf Info: Output file is already uptodate.

<distribution_line-eps-converted-to.pdf, id=312, 578.16pt x 433.62pt>
File: distribution_line-eps-converted-to.pdf Graphic file (type pdf)

<use distribution_line-eps-converted-to.pdf>
Package pdftex.def Info: distribution_line-eps-converted-to.pdf used on input l
ine 268.
(pdftex.def)             Requested size: 578.15858pt x 433.61894pt.
Package epstopdf Info: Source file: <1.eps>
(epstopdf)                    date: 2018-06-23 11:52:18
(epstopdf)                    size: 5423748 bytes
(epstopdf)             Output file: <1-eps-converted-to.pdf>
(epstopdf)                    date: 2018-07-11 17:35:22
(epstopdf)                    size: 66476 bytes
(epstopdf)             Command: <epstopdf --outfile=1-eps-converted-to.pdf 1.ep
s>
(epstopdf)             \includegraphics on input line 282.
Package epstopdf Info: Output file is already uptodate.

<1-eps-converted-to.pdf, id=315, 789.95125pt x 1138.2525pt>
File: 1-eps-converted-to.pdf Graphic file (type pdf)

<use 1-eps-converted-to.pdf>
Package pdftex.def Info: 1-eps-converted-to.pdf used on input line 282.
(pdftex.def)             Requested size: 789.94931pt x 1138.24974pt.
Package epstopdf Info: Source file: <2.eps>
(epstopdf)                    date: 2018-06-23 11:51:48
(epstopdf)                    size: 13128179 bytes
(epstopdf)             Output file: <2-eps-converted-to.pdf>
(epstopdf)                    date: 2018-07-11 17:35:36
(epstopdf)                    size: 139393 bytes
(epstopdf)             Command: <epstopdf --outfile=2-eps-converted-to.pdf 2.ep
s>
(epstopdf)             \includegraphics on input line 289.
Package epstopdf Info: Output file is already uptodate.

<2-eps-converted-to.pdf, id=316, 1450.41875pt x 1500.60625pt>
File: 2-eps-converted-to.pdf Graphic file (type pdf)

<use 2-eps-converted-to.pdf>
Package pdftex.def Info: 2-eps-converted-to.pdf used on input line 289.
(pdftex.def)             Requested size: 1450.41522pt x 1500.6026pt.

Overfull \hbox (53.54556pt too wide) has occurred while \output is active
 \OT1/cmr/m/sc/10 ECG Classification with multi-scale features based on unfixed
-length Heartbeat-segmentation  
 []

[9 <C:/Users/chen/Desktop/小论文_latex_7.31/ACML2018_template/gamma-eps-conv
erted-to.pdf> <C:/Users/chen/Desktop/小论文_latex_7.31/ACML2018_template/dis
tribution_line-eps-converted-to.pdf>]
Package epstopdf Info: Source file: <offset.eps>
(epstopdf)                    date: 2018-07-24 08:15:46
(epstopdf)                    size: 28501 bytes
(epstopdf)             Output file: <offset-eps-converted-to.pdf>
(epstopdf)                    date: 2018-07-24 17:15:22
(epstopdf)                    size: 11024 bytes
(epstopdf)             Command: <epstopdf --outfile=offset-eps-converted-to.pdf
 offset.eps>
(epstopdf)             \includegraphics on input line 303.
Package epstopdf Info: Output file is already uptodate.

<offset-eps-converted-to.pdf, id=377, 867.24pt x 433.62pt>
File: offset-eps-converted-to.pdf Graphic file (type pdf)

<use offset-eps-converted-to.pdf>
Package pdftex.def Info: offset-eps-converted-to.pdf used on input line 303.
(pdftex.def)             Requested size: 433.61894pt x 216.80946pt.
 [10 <C:/Users/chen/Desktop/小论文_latex_7.31/ACML2018_template/1-eps-conver
ted-to.pdf> <C:/Users/chen/Desktop/小论文_latex_7.31/ACML2018_template/2-eps
-converted-to.pdf>]
Underfull \hbox (badness 10000) in paragraph at lines 315--317

 []


Package caption Warning: The option `hypcap=true' will be ignored for this
(caption)                particular \caption on input line 323.
See the caption package documentation for explanation.


Package caption Warning: The option `hypcap=true' will be ignored for this
(caption)                particular \caption on input line 338.
See the caption package documentation for explanation.


Overfull \hbox (2.43333pt too wide) in paragraph at lines 320--349
[][] [] 
 []


Overfull \hbox (53.54556pt too wide) has occurred while \output is active
 \OT1/cmr/m/sc/10 ECG Classification with multi-scale features based on unfixed
-length Heartbeat-segmentation  
 []

[11 <C:/Users/chen/Desktop/小论文_latex_7.31/ACML2018_template/offset-eps-co
nverted-to.pdf>]
Package epstopdf Info: Source file: <inner-beat.eps>
(epstopdf)                    date: 2018-07-24 08:30:02
(epstopdf)                    size: 28466 bytes
(epstopdf)             Output file: <inner-beat-eps-converted-to.pdf>
(epstopdf)                    date: 2018-07-24 19:23:52
(epstopdf)                    size: 13727 bytes
(epstopdf)             Command: <epstopdf --outfile=inner-beat-eps-converted-to
.pdf inner-beat.eps>
(epstopdf)             \includegraphics on input line 359.
Package epstopdf Info: Output file is already uptodate.

<inner-beat-eps-converted-to.pdf, id=424, 867.24pt x 433.62pt>
File: inner-beat-eps-converted-to.pdf Graphic file (type pdf)

<use inner-beat-eps-converted-to.pdf>
Package pdftex.def Info: inner-beat-eps-converted-to.pdf used on input line 359
.
(pdftex.def)             Requested size: 433.61894pt x 216.80946pt.
 [12 <C:/Users/chen/Desktop/小论文_latex_7.31/ACML2018_template/inner-beat-e
ps-converted-to.pdf>]

Package caption Warning: The option `hypcap=true' will be ignored for this
(caption)                particular \caption on input line 391.
See the caption package documentation for explanation.


Package caption Warning: The option `hypcap=true' will be ignored for this
(caption)                particular \caption on input line 412.
See the caption package documentation for explanation.


Overfull \hbox (9.90247pt too wide) in paragraph at lines 414--433
 [][] 
 []


Overfull \hbox (2.43333pt too wide) in paragraph at lines 388--434
[][] [] 
 []


("C:\Users\chen\Desktop\小论文_latex_7.31\ACML2018_template\ECG Classificati
on with multi-scale features based on unfixed-length Heartbeat-segmentation.bbl
"
Overfull \hbox (53.54556pt too wide) has occurred while \output is active
 \OT1/cmr/m/sc/10 ECG Classification with multi-scale features based on unfixed
-length Heartbeat-segmentation  
 []

[13] [14])
Package atveryend Info: Empty hook `BeforeClearDocument' on input line 444.

Overfull \hbox (53.54556pt too wide) has occurred while \output is active
 \OT1/cmr/m/sc/10 ECG Classification with multi-scale features based on unfixed
-length Heartbeat-segmentation  
 []

[15]
Package atveryend Info: Empty hook `AfterLastShipout' on input line 444.

("C:\Users\chen\Desktop\小论文_latex_7.31\ACML2018_template\ECG Classificati
on with multi-scale features based on unfixed-length Heartbeat-segmentation.aux
")
Package atveryend Info: Executing hook `AtVeryEndDocument' on input line 444.
Package atveryend Info: Executing hook `AtEndAfterFileList' on input line 444.
Package rerunfilecheck Info: File `ECG*Classification*with*multi-scale*features
*based*on*unfixed-length*Heartbeat-segmentation.out' has not changed.
(rerunfilecheck)             Checksum: <no file>.
 ) 
Here is how much of TeX's memory you used:
 11224 strings out of 495354
 158409 string characters out of 3183859
 316301 words of memory out of 3000000
 14125 multiletter control sequences out of 15000+200000
 11408 words of font info for 42 fonts, out of 3000000 for 9000
 14 hyphenation exceptions out of 8191
 53i,18n,92p,1183b,482s stack positions out of 5000i,500n,10000p,200000b,50000s
pdfTeX warning (dest): name{algorithm.2} has been referenced but does not exi
st, replaced by a fixed one

pdfTeX warning (dest): name{algorithm.1} has been referenced but does not exist
, replaced by a fixed one

<C:/CTEX/MiKTeX/fonts/type1/public/amsfonts/cm/cmbx10.pfb><C:/CTEX/MiKTeX/fonts
/type1/public/amsfonts/cm/cmbx12.pfb><C:/CTEX/MiKTeX/fonts/type1/public/amsfont
s/cm/cmcsc10.pfb><C:/CTEX/MiKTeX/fonts/type1/public/amsfonts/cm/cmex10.pfb><C:/
CTEX/MiKTeX/fonts/type1/public/amsfonts/cm/cmmi10.pfb><C:/CTEX/MiKTeX/fonts/typ
e1/public/amsfonts/cm/cmmi8.pfb><C:/CTEX/MiKTeX/fonts/type1/public/amsfonts/cm/
cmr10.pfb><C:/CTEX/MiKTeX/fonts/type1/public/amsfonts/cm/cmr8.pfb><C:/CTEX/MiKT
eX/fonts/type1/public/amsfonts/cm/cmsy10.pfb><C:/CTEX/MiKTeX/fonts/type1/public
/amsfonts/cm/cmsy8.pfb><C:/CTEX/MiKTeX/fonts/type1/public/amsfonts/cm/cmti10.pf
b>
Output written on "ECG Classification with multi-scale features based on unfixe
d-length Heartbeat-segmentation.pdf" (15 pages, 511114 bytes).
PDF statistics:
 555 PDF objects out of 1000 (max. 8388607)
 78 named destinations out of 1000 (max. 500000)
 249 words of extra memory for PDF output out of 10000 (max. 10000000)

